<?xml version="1.0" encoding="UTF-8"?>
<robot generator="Robot 3.1 (Python 3.7.1 on win32)" generated="20181221 17:25:44.691" rpa="false">
<suite id="s1" name="Test" source="C:\Users\RedDevelop\Desktop\roboto\test.robot">
<test id="s1-t1" name="buscar algo en google">
<kw name="Open Browser" library="Selenium2Library">
<doc>Opens a new browser instance to the given ``url``.</doc>
<arguments>
<arg>https://www.google.com.mx/</arg>
<arg>chrome</arg>
</arguments>
<msg timestamp="20181221 17:25:44.880" level="INFO">Opening browser 'chrome' to base url 'https://www.google.com.mx/'.</msg>
<status status="PASS" starttime="20181221 17:25:44.879" endtime="20181221 17:25:55.525"></status>
</kw>
<kw name="Input Text" library="Selenium2Library">
<doc>Types the given ``text`` into text field identified by ``locator``.</doc>
<arguments>
<arg>name=q</arg>
<arg>gaara del desierto</arg>
</arguments>
<msg timestamp="20181221 17:25:55.526" level="INFO">Typing text 'gaara del desierto' into text field 'name=q'.</msg>
<status status="PASS" starttime="20181221 17:25:55.525" endtime="20181221 17:25:55.704"></status>
</kw>
<kw name="Click Button" library="Selenium2Library">
<doc>Clicks button identified by ``locator``.</doc>
<arguments>
<arg>name=btnK</arg>
</arguments>
<msg timestamp="20181221 17:25:55.705" level="INFO">Clicking button 'name=btnK'.</msg>
<kw name="Capture Page Screenshot" library="Selenium2Library">
<doc>Takes screenshot of the current page and embeds it into log file.</doc>
<msg timestamp="20181221 17:25:56.155" level="INFO" html="yes">&lt;/td&gt;&lt;/tr&gt;&lt;tr&gt;&lt;td colspan="3"&gt;&lt;a href="selenium-screenshot-7.png"&gt;&lt;img src="selenium-screenshot-7.png" width="800px"&gt;&lt;/a&gt;</msg>
<status status="PASS" starttime="20181221 17:25:55.751" endtime="20181221 17:25:56.155"></status>
</kw>
<msg timestamp="20181221 17:25:56.161" level="FAIL">ElementNotVisibleException: Message: element not interactable
  (Session info: chrome=71.0.3578.98)
  (Driver info: chromedriver=2.45.615291 (ec3682e3c9061c10f26ea9e5cdcf3c53f3f74387),platform=Windows NT 10.0.17134 x86_64)
</msg>
<status status="FAIL" starttime="20181221 17:25:55.705" endtime="20181221 17:25:56.161"></status>
</kw>
<status status="FAIL" starttime="20181221 17:25:44.879" endtime="20181221 17:25:56.162" critical="yes">ElementNotVisibleException: Message: element not interactable
  (Session info: chrome=71.0.3578.98)
  (Driver info: chromedriver=2.45.615291 (ec3682e3c9061c10f26ea9e5cdcf3c53f3f74387),platform=Windows NT 10.0.17134 x86_64)
</status>
</test>
<status status="FAIL" starttime="20181221 17:25:44.693" endtime="20181221 17:25:56.164"></status>
</suite>
<statistics>
<total>
<stat pass="0" fail="1">Critical Tests</stat>
<stat pass="0" fail="1">All Tests</stat>
</total>
<tag>
</tag>
<suite>
<stat pass="0" fail="1" id="s1" name="Test">Test</stat>
</suite>
</statistics>
<errors>
</errors>
</robot>
